2019-05-13 08:30:28,084 p=16257 u=root |  [DEPRECATION WARNING]: DEFAULT_MODULE_LANG option, Modules are coded to set their own locale if needed for screenscraping . This feature will be removed in 
version 2.9. Deprecation warnings can be disabled by setting deprecation_warnings=False in ansible.cfg.
2019-05-13 08:30:29,506 p=16257 u=root |  PLAY [docker_registry] ******************************************************************************************************************************************
2019-05-13 08:30:29,547 p=16257 u=root |  TASK [Gathering Facts] ******************************************************************************************************************************************
2019-05-13 08:30:29,547 p=16257 u=root |  Monday 13 May 2019  08:30:29 +0200 (0:00:00.158)       0:00:00.158 ************ 
2019-05-13 08:30:35,498 p=16257 u=root |  ok: [docker-registry]
2019-05-13 08:30:35,505 p=16257 u=root |  PLAY RECAP ******************************************************************************************************************************************************
2019-05-13 08:30:35,505 p=16257 u=root |  docker-registry            : ok=1    changed=0    unreachable=0    failed=0    skipped=0    rescued=0    ignored=0   
2019-05-13 08:30:35,505 p=16257 u=root |  Monday 13 May 2019  08:30:35 +0200 (0:00:05.957)       0:00:06.116 ************ 
2019-05-13 08:30:35,505 p=16257 u=root |  =============================================================================== 
2019-05-13 08:30:35,506 p=16257 u=root |  Gathering Facts ------------------------------------------------------------------------------------------------------------------------------------------ 5.96s
2019-05-13 08:43:40,429 p=16493 u=root |  [DEPRECATION WARNING]: DEFAULT_MODULE_LANG option, Modules are coded to set their own locale if needed for screenscraping . This feature will be removed in 
version 2.9. Deprecation warnings can be disabled by setting deprecation_warnings=False in ansible.cfg.
2019-05-13 08:43:40,960 p=16493 u=root |  PLAY [docker_registry] ******************************************************************************************************************************************
2019-05-13 08:43:40,971 p=16493 u=root |  TASK [Gathering Facts] ******************************************************************************************************************************************
2019-05-13 08:43:40,971 p=16493 u=root |  Monday 13 May 2019  08:43:40 +0200 (0:00:00.060)       0:00:00.060 ************ 
2019-05-13 08:43:45,711 p=16493 u=root |  ok: [docker-registry]
2019-05-13 08:43:45,746 p=16493 u=root |  TASK [ing.docker : Mount DVD read-only] *************************************************************************************************************************
2019-05-13 08:43:45,746 p=16493 u=root |  Monday 13 May 2019  08:43:45 +0200 (0:00:04.774)       0:00:04.835 ************ 
2019-05-13 08:43:48,512 p=16493 u=root |  changed: [docker-registry]
2019-05-13 08:43:48,542 p=16493 u=root |  TASK [ing.docker : Add docker repository] ***********************************************************************************************************************
2019-05-13 08:43:48,542 p=16493 u=root |  Monday 13 May 2019  08:43:48 +0200 (0:00:02.796)       0:00:07.631 ************ 
2019-05-13 08:43:51,447 p=16493 u=root |  changed: [docker-registry]
2019-05-13 08:43:51,479 p=16493 u=root |  TASK [ing.docker : install docker] ******************************************************************************************************************************
2019-05-13 08:43:51,480 p=16493 u=root |  Monday 13 May 2019  08:43:51 +0200 (0:00:02.937)       0:00:10.569 ************ 
2019-05-13 08:44:49,987 p=16493 u=root |  changed: [docker-registry]
2019-05-13 08:44:50,017 p=16493 u=root |  TASK [ing.docker : file] ****************************************************************************************************************************************
2019-05-13 08:44:50,018 p=16493 u=root |  Monday 13 May 2019  08:44:50 +0200 (0:00:58.537)       0:01:09.107 ************ 
2019-05-13 08:44:52,915 p=16493 u=root |  changed: [docker-registry]
2019-05-13 08:44:52,979 p=16493 u=root |  TASK [ing.docker : copy daemon file] ****************************************************************************************************************************
2019-05-13 08:44:52,980 p=16493 u=root |  Monday 13 May 2019  08:44:52 +0200 (0:00:02.961)       0:01:12.069 ************ 
2019-05-13 08:44:58,791 p=16493 u=root |  changed: [docker-registry]
2019-05-13 08:44:58,925 p=16493 u=root |  TASK [ing.docker : docker started] ******************************************************************************************************************************
2019-05-13 08:44:58,925 p=16493 u=root |  Monday 13 May 2019  08:44:58 +0200 (0:00:05.945)       0:01:18.014 ************ 
2019-05-13 08:45:05,431 p=16493 u=root |  changed: [docker-registry]
2019-05-13 08:45:05,435 p=16493 u=root |  PLAY RECAP ******************************************************************************************************************************************************
2019-05-13 08:45:05,435 p=16493 u=root |  docker-registry            : ok=7    changed=6    unreachable=0    failed=0    skipped=0    rescued=0    ignored=0   
2019-05-13 08:45:05,436 p=16493 u=root |  Monday 13 May 2019  08:45:05 +0200 (0:00:06.510)       0:01:24.525 ************ 
2019-05-13 08:45:05,436 p=16493 u=root |  =============================================================================== 
2019-05-13 08:45:05,436 p=16493 u=root |  ing.docker : install docker ----------------------------------------------------------------------------------------------------------------------------- 58.54s
2019-05-13 08:45:05,436 p=16493 u=root |  ing.docker : docker started ------------------------------------------------------------------------------------------------------------------------------ 6.51s
2019-05-13 08:45:05,436 p=16493 u=root |  ing.docker : copy daemon file ---------------------------------------------------------------------------------------------------------------------------- 5.95s
2019-05-13 08:45:05,436 p=16493 u=root |  Gathering Facts ------------------------------------------------------------------------------------------------------------------------------------------ 4.77s
2019-05-13 08:45:05,437 p=16493 u=root |  ing.docker : file ---------------------------------------------------------------------------------------------------------------------------------------- 2.96s
2019-05-13 08:45:05,437 p=16493 u=root |  ing.docker : Add docker repository ----------------------------------------------------------------------------------------------------------------------- 2.94s
2019-05-13 08:45:05,437 p=16493 u=root |  ing.docker : Mount DVD read-only ------------------------------------------------------------------------------------------------------------------------- 2.80s
2019-05-13 08:47:54,248 p=16570 u=root |  [DEPRECATION WARNING]: DEFAULT_MODULE_LANG option, Modules are coded to set their own locale if needed for screenscraping . This feature will be removed in 
version 2.9. Deprecation warnings can be disabled by setting deprecation_warnings=False in ansible.cfg.
2019-05-13 08:47:54,770 p=16570 u=root |  PLAY [docker_registry] ******************************************************************************************************************************************
2019-05-13 08:47:54,781 p=16570 u=root |  TASK [Gathering Facts] ******************************************************************************************************************************************
2019-05-13 08:47:54,781 p=16570 u=root |  Monday 13 May 2019  08:47:54 +0200 (0:00:00.060)       0:00:00.060 ************ 
2019-05-13 08:47:59,194 p=16570 u=root |  ok: [docker-registry]
2019-05-13 08:47:59,233 p=16570 u=root |  TASK [ing.docker : Mount DVD read-only] *************************************************************************************************************************
2019-05-13 08:47:59,233 p=16570 u=root |  Monday 13 May 2019  08:47:59 +0200 (0:00:04.451)       0:00:04.512 ************ 
2019-05-13 08:48:02,162 p=16570 u=root |  fatal: [docker-registry]: FAILED! => {"changed": false, "msg": "Error mounting /var/lib/docker: mount: wrong fs type, bad option, bad superblock on /dev/sdb,\n       missing codepage or helper program, or other error\n\n       In some cases useful info is found in syslog - try\n       dmesg | tail or so.\n"}
2019-05-13 08:48:02,164 p=16570 u=root |  PLAY RECAP ******************************************************************************************************************************************************
2019-05-13 08:48:02,164 p=16570 u=root |  docker-registry            : ok=1    changed=0    unreachable=0    failed=1    skipped=0    rescued=0    ignored=0   
2019-05-13 08:48:02,164 p=16570 u=root |  Monday 13 May 2019  08:48:02 +0200 (0:00:02.930)       0:00:07.443 ************ 
2019-05-13 08:48:02,164 p=16570 u=root |  =============================================================================== 
2019-05-13 08:48:02,164 p=16570 u=root |  Gathering Facts ------------------------------------------------------------------------------------------------------------------------------------------ 4.45s
2019-05-13 08:48:02,164 p=16570 u=root |  ing.docker : Mount DVD read-only ------------------------------------------------------------------------------------------------------------------------- 2.93s
2019-05-13 09:06:03,702 p=16636 u=root |  [DEPRECATION WARNING]: DEFAULT_MODULE_LANG option, Modules are coded to set their own locale if needed for screenscraping . This feature will be removed in 
version 2.9. Deprecation warnings can be disabled by setting deprecation_warnings=False in ansible.cfg.
2019-05-13 09:06:04,230 p=16636 u=root |  PLAY [docker_registry] ******************************************************************************************************************************************
2019-05-13 09:06:04,241 p=16636 u=root |  TASK [Gathering Facts] ******************************************************************************************************************************************
2019-05-13 09:06:04,241 p=16636 u=root |  Monday 13 May 2019  09:06:04 +0200 (0:00:00.060)       0:00:00.060 ************ 
2019-05-13 09:06:08,666 p=16636 u=root |  ok: [docker-registry]
2019-05-13 09:06:08,704 p=16636 u=root |  TASK [ing.docker : Create a xfs filesystem on /dev/sdb] *********************************************************************************************************
2019-05-13 09:06:08,705 p=16636 u=root |  Monday 13 May 2019  09:06:08 +0200 (0:00:04.463)       0:00:04.524 ************ 
2019-05-13 09:06:12,082 p=16636 u=root |  changed: [docker-registry]
2019-05-13 09:06:12,115 p=16636 u=root |  TASK [ing.docker : Mount /var/lib/docker] ***********************************************************************************************************************
2019-05-13 09:06:12,115 p=16636 u=root |  Monday 13 May 2019  09:06:12 +0200 (0:00:03.410)       0:00:07.935 ************ 
2019-05-13 09:06:15,202 p=16636 u=root |  changed: [docker-registry]
2019-05-13 09:06:15,235 p=16636 u=root |  TASK [ing.docker : Add docker repository] ***********************************************************************************************************************
2019-05-13 09:06:15,235 p=16636 u=root |  Monday 13 May 2019  09:06:15 +0200 (0:00:03.119)       0:00:11.054 ************ 
2019-05-13 09:06:18,097 p=16636 u=root |  ok: [docker-registry]
2019-05-13 09:06:18,131 p=16636 u=root |  TASK [ing.docker : install docker] ******************************************************************************************************************************
2019-05-13 09:06:18,131 p=16636 u=root |  Monday 13 May 2019  09:06:18 +0200 (0:00:02.896)       0:00:13.951 ************ 
2019-05-13 09:06:21,341 p=16636 u=root |  ok: [docker-registry]
2019-05-13 09:06:21,374 p=16636 u=root |  TASK [ing.docker : file] ****************************************************************************************************************************************
2019-05-13 09:06:21,374 p=16636 u=root |  Monday 13 May 2019  09:06:21 +0200 (0:00:03.242)       0:00:17.194 ************ 
2019-05-13 09:06:24,239 p=16636 u=root |  ok: [docker-registry]
2019-05-13 09:06:24,273 p=16636 u=root |  TASK [ing.docker : copy daemon file] ****************************************************************************************************************************
2019-05-13 09:06:24,273 p=16636 u=root |  Monday 13 May 2019  09:06:24 +0200 (0:00:02.898)       0:00:20.093 ************ 
2019-05-13 09:06:28,865 p=16636 u=root |  ok: [docker-registry]
2019-05-13 09:06:28,899 p=16636 u=root |  TASK [ing.docker : docker started] ******************************************************************************************************************************
2019-05-13 09:06:28,899 p=16636 u=root |  Monday 13 May 2019  09:06:28 +0200 (0:00:04.625)       0:00:24.718 ************ 
2019-05-13 09:06:32,734 p=16636 u=root |  changed: [docker-registry]
2019-05-13 09:06:32,737 p=16636 u=root |  PLAY RECAP ******************************************************************************************************************************************************
2019-05-13 09:06:32,738 p=16636 u=root |  docker-registry            : ok=8    changed=3    unreachable=0    failed=0    skipped=0    rescued=0    ignored=0   
2019-05-13 09:06:32,738 p=16636 u=root |  Monday 13 May 2019  09:06:32 +0200 (0:00:03.839)       0:00:28.557 ************ 
2019-05-13 09:06:32,738 p=16636 u=root |  =============================================================================== 
2019-05-13 09:06:32,738 p=16636 u=root |  ing.docker : copy daemon file ---------------------------------------------------------------------------------------------------------------------------- 4.63s
2019-05-13 09:06:32,738 p=16636 u=root |  Gathering Facts ------------------------------------------------------------------------------------------------------------------------------------------ 4.46s
2019-05-13 09:06:32,739 p=16636 u=root |  ing.docker : docker started ------------------------------------------------------------------------------------------------------------------------------ 3.84s
2019-05-13 09:06:32,739 p=16636 u=root |  ing.docker : Create a xfs filesystem on /dev/sdb --------------------------------------------------------------------------------------------------------- 3.41s
2019-05-13 09:06:32,739 p=16636 u=root |  ing.docker : install docker ------------------------------------------------------------------------------------------------------------------------------ 3.24s
2019-05-13 09:06:32,739 p=16636 u=root |  ing.docker : Mount /var/lib/docker ----------------------------------------------------------------------------------------------------------------------- 3.12s
2019-05-13 09:06:32,739 p=16636 u=root |  ing.docker : file ---------------------------------------------------------------------------------------------------------------------------------------- 2.90s
2019-05-13 09:06:32,739 p=16636 u=root |  ing.docker : Add docker repository ----------------------------------------------------------------------------------------------------------------------- 2.90s
2019-05-13 09:20:24,688 p=16865 u=root |  [DEPRECATION WARNING]: DEFAULT_MODULE_LANG option, Modules are coded to set their own locale if needed for screenscraping . This feature will be removed in 
version 2.9. Deprecation warnings can be disabled by setting deprecation_warnings=False in ansible.cfg.
2019-05-13 09:20:25,709 p=16865 u=root |  PLAY [docker_registry] ******************************************************************************************************************************************
2019-05-13 09:20:25,731 p=16865 u=root |  TASK [Gathering Facts] ******************************************************************************************************************************************
2019-05-13 09:20:25,732 p=16865 u=root |  Monday 13 May 2019  09:20:25 +0200 (0:00:00.113)       0:00:00.113 ************ 
2019-05-13 09:20:26,329 p=16865 u=root |  fatal: [docker-registry]: UNREACHABLE! => {"changed": false, "msg": "Failed to connect to the host via ssh: Permission denied (publickey,gssapi-keyex,gssapi-with-mic,password).", "unreachable": true}
2019-05-13 09:20:26,337 p=16865 u=root |  PLAY RECAP ******************************************************************************************************************************************************
2019-05-13 09:20:26,337 p=16865 u=root |  docker-registry            : ok=0    changed=0    unreachable=1    failed=0    skipped=0    rescued=0    ignored=0   
2019-05-13 09:20:26,337 p=16865 u=root |  Monday 13 May 2019  09:20:26 +0200 (0:00:00.605)       0:00:00.719 ************ 
2019-05-13 09:20:26,337 p=16865 u=root |  =============================================================================== 
2019-05-13 09:20:26,338 p=16865 u=root |  Gathering Facts ------------------------------------------------------------------------------------------------------------------------------------------ 0.61s
2019-05-13 09:20:36,666 p=16922 u=root |  [DEPRECATION WARNING]: DEFAULT_MODULE_LANG option, Modules are coded to set their own locale if needed for screenscraping . This feature will be removed in 
version 2.9. Deprecation warnings can be disabled by setting deprecation_warnings=False in ansible.cfg.
2019-05-13 09:20:37,700 p=16922 u=root |  PLAY [docker_registry] ******************************************************************************************************************************************
2019-05-13 09:20:37,725 p=16922 u=root |  TASK [Gathering Facts] ******************************************************************************************************************************************
2019-05-13 09:20:37,726 p=16922 u=root |  Monday 13 May 2019  09:20:37 +0200 (0:00:00.130)       0:00:00.130 ************ 
2019-05-13 09:20:41,723 p=16922 u=root |  ok: [docker-registry]
2019-05-13 09:20:41,760 p=16922 u=root |  TASK [ing.docker : Create a xfs filesystem on /dev/sdb] *********************************************************************************************************
2019-05-13 09:20:41,760 p=16922 u=root |  Monday 13 May 2019  09:20:41 +0200 (0:00:04.034)       0:00:04.164 ************ 
2019-05-13 09:20:43,855 p=16922 u=root |  changed: [docker-registry]
2019-05-13 09:20:43,887 p=16922 u=root |  TASK [ing.docker : Mount /var/lib/docker] ***********************************************************************************************************************
2019-05-13 09:20:43,887 p=16922 u=root |  Monday 13 May 2019  09:20:43 +0200 (0:00:02.127)       0:00:06.291 ************ 
2019-05-13 09:20:45,878 p=16922 u=root |  changed: [docker-registry]
2019-05-13 09:20:45,910 p=16922 u=root |  TASK [ing.docker : Create a xfs filesystem on /dev/sdc] *********************************************************************************************************
2019-05-13 09:20:45,910 p=16922 u=root |  Monday 13 May 2019  09:20:45 +0200 (0:00:02.022)       0:00:08.314 ************ 
2019-05-13 09:20:47,807 p=16922 u=root |  changed: [docker-registry]
2019-05-13 09:20:47,859 p=16922 u=root |  TASK [ing.docker : Mount /data] *********************************************************************************************************************************
2019-05-13 09:20:47,860 p=16922 u=root |  Monday 13 May 2019  09:20:47 +0200 (0:00:01.949)       0:00:10.264 ************ 
2019-05-13 09:20:49,586 p=16922 u=root |  changed: [docker-registry]
2019-05-13 09:20:49,619 p=16922 u=root |  TASK [ing.docker : Add docker repository] ***********************************************************************************************************************
2019-05-13 09:20:49,619 p=16922 u=root |  Monday 13 May 2019  09:20:49 +0200 (0:00:01.759)       0:00:12.023 ************ 
2019-05-13 09:20:51,473 p=16922 u=root |  changed: [docker-registry]
2019-05-13 09:20:51,505 p=16922 u=root |  TASK [ing.docker : install docker] ******************************************************************************************************************************
2019-05-13 09:20:51,505 p=16922 u=root |  Monday 13 May 2019  09:20:51 +0200 (0:00:01.886)       0:00:13.910 ************ 
2019-05-13 09:21:41,555 p=16922 u=root |  changed: [docker-registry]
2019-05-13 09:21:41,587 p=16922 u=root |  TASK [ing.docker : file] ****************************************************************************************************************************************
2019-05-13 09:21:41,587 p=16922 u=root |  Monday 13 May 2019  09:21:41 +0200 (0:00:50.081)       0:01:03.991 ************ 
2019-05-13 09:21:43,643 p=16922 u=root |  changed: [docker-registry]
2019-05-13 09:21:43,675 p=16922 u=root |  TASK [ing.docker : copy daemon file] ****************************************************************************************************************************
2019-05-13 09:21:43,675 p=16922 u=root |  Monday 13 May 2019  09:21:43 +0200 (0:00:02.087)       0:01:06.079 ************ 
2019-05-13 09:21:47,612 p=16922 u=root |  changed: [docker-registry]
2019-05-13 09:21:47,644 p=16922 u=root |  TASK [ing.docker : docker started] ******************************************************************************************************************************
2019-05-13 09:21:47,644 p=16922 u=root |  Monday 13 May 2019  09:21:47 +0200 (0:00:03.968)       0:01:10.048 ************ 
2019-05-13 09:21:51,197 p=16922 u=root |  changed: [docker-registry]
2019-05-13 09:21:51,229 p=16922 u=root |  TASK [ing.docker : Create a docker registry] ********************************************************************************************************************
2019-05-13 09:21:51,229 p=16922 u=root |  Monday 13 May 2019  09:21:51 +0200 (0:00:03.585)       0:01:13.633 ************ 
2019-05-13 09:21:53,403 p=16922 u=root |   [WARNING]: The value 5000 (type int) in a string field was converted to u'5000' (type string). If this does not look like what you expect, quote the entire
value to ensure it does not change.

2019-05-13 09:21:53,404 p=16922 u=root |  fatal: [docker-registry]: FAILED! => {"changed": false, "msg": "Failed to import docker or docker-py (Docker SDK for Python) - No module named requests.exceptions. Try `pip install docker` or `pip install docker-py` (Python 2.6)."}
2019-05-13 09:21:53,406 p=16922 u=root |  PLAY RECAP ******************************************************************************************************************************************************
2019-05-13 09:21:53,406 p=16922 u=root |  docker-registry            : ok=10   changed=9    unreachable=0    failed=1    skipped=0    rescued=0    ignored=0   
2019-05-13 09:21:53,407 p=16922 u=root |  Monday 13 May 2019  09:21:53 +0200 (0:00:02.177)       0:01:15.811 ************ 
2019-05-13 09:21:53,407 p=16922 u=root |  =============================================================================== 
2019-05-13 09:21:53,407 p=16922 u=root |  ing.docker : install docker ----------------------------------------------------------------------------------------------------------------------------- 50.08s
2019-05-13 09:21:53,407 p=16922 u=root |  Gathering Facts ------------------------------------------------------------------------------------------------------------------------------------------ 4.03s
2019-05-13 09:21:53,407 p=16922 u=root |  ing.docker : copy daemon file ---------------------------------------------------------------------------------------------------------------------------- 3.97s
2019-05-13 09:21:53,407 p=16922 u=root |  ing.docker : docker started ------------------------------------------------------------------------------------------------------------------------------ 3.59s
2019-05-13 09:21:53,408 p=16922 u=root |  ing.docker : Create a docker registry -------------------------------------------------------------------------------------------------------------------- 2.18s
2019-05-13 09:21:53,408 p=16922 u=root |  ing.docker : Create a xfs filesystem on /dev/sdb --------------------------------------------------------------------------------------------------------- 2.13s
2019-05-13 09:21:53,408 p=16922 u=root |  ing.docker : file ---------------------------------------------------------------------------------------------------------------------------------------- 2.09s
2019-05-13 09:21:53,408 p=16922 u=root |  ing.docker : Mount /var/lib/docker ----------------------------------------------------------------------------------------------------------------------- 2.02s
2019-05-13 09:21:53,408 p=16922 u=root |  ing.docker : Create a xfs filesystem on /dev/sdc --------------------------------------------------------------------------------------------------------- 1.95s
2019-05-13 09:21:53,408 p=16922 u=root |  ing.docker : Add docker repository ----------------------------------------------------------------------------------------------------------------------- 1.89s
2019-05-13 09:21:53,408 p=16922 u=root |  ing.docker : Mount /data --------------------------------------------------------------------------------------------------------------------------------- 1.76s
2019-05-13 09:33:28,261 p=17727 u=root |  [DEPRECATION WARNING]: DEFAULT_MODULE_LANG option, Modules are coded to set their own locale if needed for screenscraping . This feature will be removed in version 2.9. 
Deprecation warnings can be disabled by setting deprecation_warnings=False in ansible.cfg.
2019-05-13 09:33:28,926 p=17727 u=root |  PLAY [docker_registry] ***********************************************************************************************************************************************************
2019-05-13 09:33:28,939 p=17727 u=root |  TASK [Gathering Facts] ***********************************************************************************************************************************************************
2019-05-13 09:33:28,939 p=17727 u=root |  Monday 13 May 2019  09:33:28 +0200 (0:00:00.066)       0:00:00.066 ************ 
2019-05-13 09:33:32,185 p=17727 u=root |  ok: [docker-registry]
2019-05-13 09:33:32,275 p=17727 u=root |  TASK [ing.docker : Create a xfs filesystem on /dev/sdb] **************************************************************************************************************************
2019-05-13 09:33:32,275 p=17727 u=root |  Monday 13 May 2019  09:33:32 +0200 (0:00:03.336)       0:00:03.402 ************ 
2019-05-13 09:33:34,636 p=17727 u=root |  ok: [docker-registry]
2019-05-13 09:33:34,673 p=17727 u=root |  TASK [ing.docker : Mount /var/lib/docker] ****************************************************************************************************************************************
2019-05-13 09:33:34,673 p=17727 u=root |  Monday 13 May 2019  09:33:34 +0200 (0:00:02.397)       0:00:05.800 ************ 
2019-05-13 09:33:36,573 p=17727 u=root |  ok: [docker-registry]
2019-05-13 09:33:36,610 p=17727 u=root |  TASK [ing.docker : Create a xfs filesystem on /dev/sdc] **************************************************************************************************************************
2019-05-13 09:33:36,610 p=17727 u=root |  Monday 13 May 2019  09:33:36 +0200 (0:00:01.937)       0:00:07.737 ************ 
2019-05-13 09:33:38,349 p=17727 u=root |  ok: [docker-registry]
2019-05-13 09:33:38,385 p=17727 u=root |  TASK [ing.docker : Mount /data] **************************************************************************************************************************************************
2019-05-13 09:33:38,386 p=17727 u=root |  Monday 13 May 2019  09:33:38 +0200 (0:00:01.775)       0:00:09.513 ************ 
2019-05-13 09:33:40,030 p=17727 u=root |  ok: [docker-registry]
2019-05-13 09:33:40,066 p=17727 u=root |  TASK [ing.docker : Add docker repository] ****************************************************************************************************************************************
2019-05-13 09:33:40,066 p=17727 u=root |  Monday 13 May 2019  09:33:40 +0200 (0:00:01.680)       0:00:11.193 ************ 
2019-05-13 09:33:42,143 p=17727 u=root |  ok: [docker-registry]
2019-05-13 09:33:42,218 p=17727 u=root |  TASK [ing.docker : install docker] ***********************************************************************************************************************************************
2019-05-13 09:33:42,218 p=17727 u=root |  Monday 13 May 2019  09:33:42 +0200 (0:00:02.152)       0:00:13.346 ************ 
2019-05-13 09:33:44,623 p=17727 u=root |  ok: [docker-registry]
2019-05-13 09:33:44,663 p=17727 u=root |  TASK [ing.docker : file] *********************************************************************************************************************************************************
2019-05-13 09:33:44,663 p=17727 u=root |  Monday 13 May 2019  09:33:44 +0200 (0:00:02.444)       0:00:15.790 ************ 
2019-05-13 09:33:46,579 p=17727 u=root |  ok: [docker-registry]
2019-05-13 09:33:46,698 p=17727 u=root |  TASK [ing.docker : copy daemon file] *********************************************************************************************************************************************
2019-05-13 09:33:46,698 p=17727 u=root |  Monday 13 May 2019  09:33:46 +0200 (0:00:02.035)       0:00:17.826 ************ 
2019-05-13 09:33:49,674 p=17727 u=root |  ok: [docker-registry]
2019-05-13 09:33:49,722 p=17727 u=root |  TASK [ing.docker : docker started] ***********************************************************************************************************************************************
2019-05-13 09:33:49,722 p=17727 u=root |  Monday 13 May 2019  09:33:49 +0200 (0:00:03.023)       0:00:20.849 ************ 
2019-05-13 09:33:51,958 p=17727 u=root |  ok: [docker-registry]
2019-05-13 09:33:51,996 p=17727 u=root |  TASK [ing.docker : install docker-py] ********************************************************************************************************************************************
2019-05-13 09:33:51,996 p=17727 u=root |  Monday 13 May 2019  09:33:51 +0200 (0:00:02.273)       0:00:23.123 ************ 
2019-05-13 09:33:53,903 p=17727 u=root |  An exception occurred during task execution. To see the full traceback, use -vvv. The error was: ImportError: No module named pkg_resources
2019-05-13 09:33:53,903 p=17727 u=root |  fatal: [docker-registry]: FAILED! => {"changed": false, "msg": "Failed to import the required Python library (setuptools) on docker-registry's Python /usr/bin/python. Please read module documentation and install in the appropriate location"}
2019-05-13 09:33:53,905 p=17727 u=root |  PLAY RECAP ***********************************************************************************************************************************************************************
2019-05-13 09:33:53,905 p=17727 u=root |  docker-registry            : ok=10   changed=0    unreachable=0    failed=1    skipped=0    rescued=0    ignored=0   
2019-05-13 09:33:53,906 p=17727 u=root |  Monday 13 May 2019  09:33:53 +0200 (0:00:01.909)       0:00:25.033 ************ 
2019-05-13 09:33:53,906 p=17727 u=root |  =============================================================================== 
2019-05-13 09:33:53,906 p=17727 u=root |  Gathering Facts ----------------------------------------------------------------------------------------------------------------------------------------------------------- 3.34s
2019-05-13 09:33:53,906 p=17727 u=root |  ing.docker : copy daemon file --------------------------------------------------------------------------------------------------------------------------------------------- 3.02s
2019-05-13 09:33:53,906 p=17727 u=root |  ing.docker : install docker ----------------------------------------------------------------------------------------------------------------------------------------------- 2.44s
2019-05-13 09:33:53,907 p=17727 u=root |  ing.docker : Create a xfs filesystem on /dev/sdb -------------------------------------------------------------------------------------------------------------------------- 2.40s
2019-05-13 09:33:53,907 p=17727 u=root |  ing.docker : docker started ----------------------------------------------------------------------------------------------------------------------------------------------- 2.27s
2019-05-13 09:33:53,907 p=17727 u=root |  ing.docker : Add docker repository ---------------------------------------------------------------------------------------------------------------------------------------- 2.15s
2019-05-13 09:33:53,907 p=17727 u=root |  ing.docker : file --------------------------------------------------------------------------------------------------------------------------------------------------------- 2.04s
2019-05-13 09:33:53,907 p=17727 u=root |  ing.docker : Mount /var/lib/docker ---------------------------------------------------------------------------------------------------------------------------------------- 1.94s
2019-05-13 09:33:53,907 p=17727 u=root |  ing.docker : install docker-py -------------------------------------------------------------------------------------------------------------------------------------------- 1.91s
2019-05-13 09:33:53,907 p=17727 u=root |  ing.docker : Create a xfs filesystem on /dev/sdc -------------------------------------------------------------------------------------------------------------------------- 1.78s
2019-05-13 09:33:53,907 p=17727 u=root |  ing.docker : Mount /data -------------------------------------------------------------------------------------------------------------------------------------------------- 1.68s
2019-05-13 09:39:13,641 p=17873 u=root |  [DEPRECATION WARNING]: DEFAULT_MODULE_LANG option, Modules are coded to set their own locale if needed for screenscraping . This feature will be removed in version 2.9. 
Deprecation warnings can be disabled by setting deprecation_warnings=False in ansible.cfg.
2019-05-13 09:39:14,504 p=17873 u=root |  PLAY [docker_registry] ***********************************************************************************************************************************************************
2019-05-13 09:39:14,517 p=17873 u=root |  TASK [Gathering Facts] ***********************************************************************************************************************************************************
2019-05-13 09:39:14,517 p=17873 u=root |  Monday 13 May 2019  09:39:14 +0200 (0:00:00.080)       0:00:00.080 ************ 
2019-05-13 09:39:17,949 p=17873 u=root |  ok: [docker-registry]
2019-05-13 09:39:17,990 p=17873 u=root |  TASK [ing.docker : Create a xfs filesystem on /dev/sdb] **************************************************************************************************************************
2019-05-13 09:39:17,990 p=17873 u=root |  Monday 13 May 2019  09:39:17 +0200 (0:00:03.473)       0:00:03.553 ************ 
2019-05-13 09:39:20,183 p=17873 u=root |  ok: [docker-registry]
2019-05-13 09:39:20,218 p=17873 u=root |  TASK [ing.docker : Mount /var/lib/docker] ****************************************************************************************************************************************
2019-05-13 09:39:20,219 p=17873 u=root |  Monday 13 May 2019  09:39:20 +0200 (0:00:02.228)       0:00:05.781 ************ 
2019-05-13 09:39:22,427 p=17873 u=root |  ok: [docker-registry]
2019-05-13 09:39:22,468 p=17873 u=root |  TASK [ing.docker : Create a xfs filesystem on /dev/sdc] **************************************************************************************************************************
2019-05-13 09:39:22,468 p=17873 u=root |  Monday 13 May 2019  09:39:22 +0200 (0:00:02.249)       0:00:08.031 ************ 
2019-05-13 09:39:24,453 p=17873 u=root |  ok: [docker-registry]
2019-05-13 09:39:24,488 p=17873 u=root |  TASK [ing.docker : Mount /data] **************************************************************************************************************************************************
2019-05-13 09:39:24,489 p=17873 u=root |  Monday 13 May 2019  09:39:24 +0200 (0:00:02.020)       0:00:10.051 ************ 
2019-05-13 09:39:26,431 p=17873 u=root |  ok: [docker-registry]
2019-05-13 09:39:26,467 p=17873 u=root |  TASK [ing.docker : Add docker repository] ****************************************************************************************************************************************
2019-05-13 09:39:26,467 p=17873 u=root |  Monday 13 May 2019  09:39:26 +0200 (0:00:01.978)       0:00:12.029 ************ 
2019-05-13 09:39:28,636 p=17873 u=root |  ok: [docker-registry]
2019-05-13 09:39:28,673 p=17873 u=root |  TASK [ing.docker : install docker] ***********************************************************************************************************************************************
2019-05-13 09:39:28,673 p=17873 u=root |  Monday 13 May 2019  09:39:28 +0200 (0:00:02.206)       0:00:14.236 ************ 
2019-05-13 09:39:31,120 p=17873 u=root |  ok: [docker-registry]
2019-05-13 09:39:31,155 p=17873 u=root |  TASK [ing.docker : file] *********************************************************************************************************************************************************
2019-05-13 09:39:31,156 p=17873 u=root |  Monday 13 May 2019  09:39:31 +0200 (0:00:02.482)       0:00:16.718 ************ 
2019-05-13 09:39:33,345 p=17873 u=root |  ok: [docker-registry]
2019-05-13 09:39:33,381 p=17873 u=root |  TASK [ing.docker : copy daemon file] *********************************************************************************************************************************************
2019-05-13 09:39:33,381 p=17873 u=root |  Monday 13 May 2019  09:39:33 +0200 (0:00:02.225)       0:00:18.944 ************ 
2019-05-13 09:39:36,774 p=17873 u=root |  ok: [docker-registry]
2019-05-13 09:39:36,810 p=17873 u=root |  TASK [ing.docker : docker started] ***********************************************************************************************************************************************
2019-05-13 09:39:36,810 p=17873 u=root |  Monday 13 May 2019  09:39:36 +0200 (0:00:03.428)       0:00:22.373 ************ 
2019-05-13 09:39:39,331 p=17873 u=root |  ok: [docker-registry]
2019-05-13 09:39:39,369 p=17873 u=root |  TASK [ing.docker : install epel-release] *****************************************************************************************************************************************
2019-05-13 09:39:39,369 p=17873 u=root |  Monday 13 May 2019  09:39:39 +0200 (0:00:02.559)       0:00:24.932 ************ 
2019-05-13 09:39:43,131 p=17873 u=root |  changed: [docker-registry]
2019-05-13 09:39:43,166 p=17873 u=root |  TASK [ing.docker : install pip] **************************************************************************************************************************************************
2019-05-13 09:39:43,166 p=17873 u=root |  Monday 13 May 2019  09:39:43 +0200 (0:00:03.797)       0:00:28.729 ************ 
2019-05-13 09:39:54,905 p=17873 u=root |  changed: [docker-registry]
2019-05-13 09:39:54,941 p=17873 u=root |  TASK [ing.docker : install docker-py] ********************************************************************************************************************************************
2019-05-13 09:39:54,941 p=17873 u=root |  Monday 13 May 2019  09:39:54 +0200 (0:00:11.774)       0:00:40.504 ************ 
2019-05-13 09:40:01,103 p=17873 u=root |  changed: [docker-registry]
2019-05-13 09:40:01,139 p=17873 u=root |  TASK [ing.docker : Create a docker registry] *************************************************************************************************************************************
2019-05-13 09:40:01,139 p=17873 u=root |  Monday 13 May 2019  09:40:01 +0200 (0:00:06.197)       0:00:46.702 ************ 
2019-05-13 09:40:07,090 p=17873 u=root |   [WARNING]: The value 5000 (type int) in a string field was converted to u'5000' (type string). If this does not look like what you expect, quote the entire value to ensure it
does not change.

2019-05-13 09:40:07,091 p=17873 u=root |  changed: [docker-registry]
2019-05-13 09:40:07,096 p=17873 u=root |  PLAY RECAP ***********************************************************************************************************************************************************************
2019-05-13 09:40:07,096 p=17873 u=root |  docker-registry            : ok=14   changed=4    unreachable=0    failed=0    skipped=0    rescued=0    ignored=0   
2019-05-13 09:40:07,096 p=17873 u=root |  Monday 13 May 2019  09:40:07 +0200 (0:00:05.956)       0:00:52.659 ************ 
2019-05-13 09:40:07,096 p=17873 u=root |  =============================================================================== 
2019-05-13 09:40:07,096 p=17873 u=root |  ing.docker : install pip ------------------------------------------------------------------------------------------------------------------------------------------------- 11.77s
2019-05-13 09:40:07,097 p=17873 u=root |  ing.docker : install docker-py -------------------------------------------------------------------------------------------------------------------------------------------- 6.20s
2019-05-13 09:40:07,097 p=17873 u=root |  ing.docker : Create a docker registry ------------------------------------------------------------------------------------------------------------------------------------- 5.96s
2019-05-13 09:40:07,097 p=17873 u=root |  ing.docker : install epel-release ----------------------------------------------------------------------------------------------------------------------------------------- 3.80s
2019-05-13 09:40:07,097 p=17873 u=root |  Gathering Facts ----------------------------------------------------------------------------------------------------------------------------------------------------------- 3.47s
2019-05-13 09:40:07,097 p=17873 u=root |  ing.docker : copy daemon file --------------------------------------------------------------------------------------------------------------------------------------------- 3.43s
2019-05-13 09:40:07,097 p=17873 u=root |  ing.docker : docker started ----------------------------------------------------------------------------------------------------------------------------------------------- 2.56s
2019-05-13 09:40:07,097 p=17873 u=root |  ing.docker : install docker ----------------------------------------------------------------------------------------------------------------------------------------------- 2.48s
2019-05-13 09:40:07,098 p=17873 u=root |  ing.docker : Mount /var/lib/docker ---------------------------------------------------------------------------------------------------------------------------------------- 2.25s
2019-05-13 09:40:07,098 p=17873 u=root |  ing.docker : Create a xfs filesystem on /dev/sdb -------------------------------------------------------------------------------------------------------------------------- 2.23s
2019-05-13 09:40:07,098 p=17873 u=root |  ing.docker : file --------------------------------------------------------------------------------------------------------------------------------------------------------- 2.23s
2019-05-13 09:40:07,098 p=17873 u=root |  ing.docker : Add docker repository ---------------------------------------------------------------------------------------------------------------------------------------- 2.21s
2019-05-13 09:40:07,098 p=17873 u=root |  ing.docker : Create a xfs filesystem on /dev/sdc -------------------------------------------------------------------------------------------------------------------------- 2.02s
2019-05-13 09:40:07,098 p=17873 u=root |  ing.docker : Mount /data -------------------------------------------------------------------------------------------------------------------------------------------------- 1.98s
2019-05-13 09:51:34,307 p=18501 u=root |  [DEPRECATION WARNING]: DEFAULT_MODULE_LANG option, Modules are coded to set their own locale if needed for screenscraping . This feature will be removed in version 2.9. 
Deprecation warnings can be disabled by setting deprecation_warnings=False in ansible.cfg.
2019-05-13 09:51:34,849 p=18501 u=root |  PLAY [docker_registry] ***********************************************************************************************************************************************************
2019-05-13 09:51:34,862 p=18501 u=root |  TASK [Gathering Facts] ***********************************************************************************************************************************************************
2019-05-13 09:51:34,862 p=18501 u=root |  Monday 13 May 2019  09:51:34 +0200 (0:00:00.063)       0:00:00.063 ************ 
2019-05-13 09:51:37,819 p=18501 u=root |  ok: [docker-registry]
2019-05-13 09:51:37,861 p=18501 u=root |  TASK [ing.docker : Create a xfs filesystem on /dev/sdb] **************************************************************************************************************************
2019-05-13 09:51:37,861 p=18501 u=root |  Monday 13 May 2019  09:51:37 +0200 (0:00:02.998)       0:00:03.061 ************ 
2019-05-13 09:51:39,730 p=18501 u=root |  ok: [docker-registry]
2019-05-13 09:51:39,767 p=18501 u=root |  TASK [ing.docker : Mount /var/lib/docker] ****************************************************************************************************************************************
2019-05-13 09:51:39,767 p=18501 u=root |  Monday 13 May 2019  09:51:39 +0200 (0:00:01.905)       0:00:04.967 ************ 
2019-05-13 09:51:41,631 p=18501 u=root |  ok: [docker-registry]
2019-05-13 09:51:41,667 p=18501 u=root |  TASK [ing.docker : Create a xfs filesystem on /dev/sdc] **************************************************************************************************************************
2019-05-13 09:51:41,667 p=18501 u=root |  Monday 13 May 2019  09:51:41 +0200 (0:00:01.900)       0:00:06.868 ************ 
2019-05-13 09:51:43,316 p=18501 u=root |  ok: [docker-registry]
2019-05-13 09:51:43,353 p=18501 u=root |  TASK [ing.docker : Mount /data] **************************************************************************************************************************************************
2019-05-13 09:51:43,353 p=18501 u=root |  Monday 13 May 2019  09:51:43 +0200 (0:00:01.685)       0:00:08.554 ************ 
2019-05-13 09:51:44,990 p=18501 u=root |  ok: [docker-registry]
2019-05-13 09:51:45,025 p=18501 u=root |  TASK [ing.docker : Add docker repository] ****************************************************************************************************************************************
2019-05-13 09:51:45,026 p=18501 u=root |  Monday 13 May 2019  09:51:45 +0200 (0:00:01.672)       0:00:10.226 ************ 
2019-05-13 09:51:46,886 p=18501 u=root |  ok: [docker-registry]
2019-05-13 09:51:46,923 p=18501 u=root |  TASK [ing.docker : install docker] ***********************************************************************************************************************************************
2019-05-13 09:51:46,923 p=18501 u=root |  Monday 13 May 2019  09:51:46 +0200 (0:00:01.897)       0:00:12.124 ************ 
2019-05-13 09:51:49,091 p=18501 u=root |  ok: [docker-registry]
2019-05-13 09:51:49,126 p=18501 u=root |  TASK [ing.docker : file] *********************************************************************************************************************************************************
2019-05-13 09:51:49,127 p=18501 u=root |  Monday 13 May 2019  09:51:49 +0200 (0:00:02.203)       0:00:14.327 ************ 
2019-05-13 09:51:51,020 p=18501 u=root |  ok: [docker-registry]
2019-05-13 09:51:51,058 p=18501 u=root |  TASK [ing.docker : copy daemon file] *********************************************************************************************************************************************
2019-05-13 09:51:51,058 p=18501 u=root |  Monday 13 May 2019  09:51:51 +0200 (0:00:01.931)       0:00:16.258 ************ 
2019-05-13 09:51:53,927 p=18501 u=root |  ok: [docker-registry]
2019-05-13 09:51:53,963 p=18501 u=root |  TASK [ing.docker : docker started] ***********************************************************************************************************************************************
2019-05-13 09:51:53,964 p=18501 u=root |  Monday 13 May 2019  09:51:53 +0200 (0:00:02.905)       0:00:19.164 ************ 
2019-05-13 09:51:56,150 p=18501 u=root |  ok: [docker-registry]
2019-05-13 09:51:56,187 p=18501 u=root |  TASK [ing.docker : install epel-release] *****************************************************************************************************************************************
2019-05-13 09:51:56,187 p=18501 u=root |  Monday 13 May 2019  09:51:56 +0200 (0:00:02.223)       0:00:21.387 ************ 
2019-05-13 09:51:58,057 p=18501 u=root |  ok: [docker-registry]
2019-05-13 09:51:58,093 p=18501 u=root |  TASK [ing.docker : install pip] **************************************************************************************************************************************************
2019-05-13 09:51:58,093 p=18501 u=root |  Monday 13 May 2019  09:51:58 +0200 (0:00:01.905)       0:00:23.293 ************ 
2019-05-13 09:52:01,593 p=18501 u=root |  ok: [docker-registry]
2019-05-13 09:52:01,629 p=18501 u=root |  TASK [ing.docker : install docker-py] ********************************************************************************************************************************************
2019-05-13 09:52:01,630 p=18501 u=root |  Monday 13 May 2019  09:52:01 +0200 (0:00:03.536)       0:00:26.830 ************ 
2019-05-13 09:52:03,882 p=18501 u=root |  ok: [docker-registry]
2019-05-13 09:52:03,918 p=18501 u=root |  TASK [ing.docker : Create a docker registry] *************************************************************************************************************************************
2019-05-13 09:52:03,919 p=18501 u=root |  Monday 13 May 2019  09:52:03 +0200 (0:00:02.288)       0:00:29.119 ************ 
2019-05-13 09:52:12,578 p=18501 u=root |   [WARNING]: The value 5000 (type int) in a string field was converted to u'5000' (type string). If this does not look like what you expect, quote the entire value to ensure it
does not change.

2019-05-13 09:52:12,579 p=18501 u=root |  changed: [docker-registry]
2019-05-13 09:52:12,584 p=18501 u=root |  PLAY RECAP ***********************************************************************************************************************************************************************
2019-05-13 09:52:12,584 p=18501 u=root |  docker-registry            : ok=14   changed=1    unreachable=0    failed=0    skipped=0    rescued=0    ignored=0   
2019-05-13 09:52:12,584 p=18501 u=root |  Monday 13 May 2019  09:52:12 +0200 (0:00:08.665)       0:00:37.785 ************ 
2019-05-13 09:52:12,585 p=18501 u=root |  =============================================================================== 
2019-05-13 09:52:12,585 p=18501 u=root |  ing.docker : Create a docker registry ------------------------------------------------------------------------------------------------------------------------------------- 8.67s
2019-05-13 09:52:12,585 p=18501 u=root |  ing.docker : install pip -------------------------------------------------------------------------------------------------------------------------------------------------- 3.54s
2019-05-13 09:52:12,585 p=18501 u=root |  Gathering Facts ----------------------------------------------------------------------------------------------------------------------------------------------------------- 3.00s
2019-05-13 09:52:12,585 p=18501 u=root |  ing.docker : copy daemon file --------------------------------------------------------------------------------------------------------------------------------------------- 2.91s
2019-05-13 09:52:12,585 p=18501 u=root |  ing.docker : install docker-py -------------------------------------------------------------------------------------------------------------------------------------------- 2.29s
2019-05-13 09:52:12,585 p=18501 u=root |  ing.docker : docker started ----------------------------------------------------------------------------------------------------------------------------------------------- 2.22s
2019-05-13 09:52:12,586 p=18501 u=root |  ing.docker : install docker ----------------------------------------------------------------------------------------------------------------------------------------------- 2.20s
2019-05-13 09:52:12,586 p=18501 u=root |  ing.docker : file --------------------------------------------------------------------------------------------------------------------------------------------------------- 1.93s
2019-05-13 09:52:12,586 p=18501 u=root |  ing.docker : Create a xfs filesystem on /dev/sdb -------------------------------------------------------------------------------------------------------------------------- 1.91s
2019-05-13 09:52:12,586 p=18501 u=root |  ing.docker : install epel-release ----------------------------------------------------------------------------------------------------------------------------------------- 1.91s
2019-05-13 09:52:12,586 p=18501 u=root |  ing.docker : Mount /var/lib/docker ---------------------------------------------------------------------------------------------------------------------------------------- 1.90s
2019-05-13 09:52:12,586 p=18501 u=root |  ing.docker : Add docker repository ---------------------------------------------------------------------------------------------------------------------------------------- 1.90s
2019-05-13 09:52:12,586 p=18501 u=root |  ing.docker : Create a xfs filesystem on /dev/sdc -------------------------------------------------------------------------------------------------------------------------- 1.69s
2019-05-13 09:52:12,586 p=18501 u=root |  ing.docker : Mount /data -------------------------------------------------------------------------------------------------------------------------------------------------- 1.67s
2019-05-13 09:53:56,314 p=18629 u=root |  [DEPRECATION WARNING]: DEFAULT_MODULE_LANG option, Modules are coded to set their own locale if needed for screenscraping . This feature will be removed in version 2.9. 
Deprecation warnings can be disabled by setting deprecation_warnings=False in ansible.cfg.
2019-05-13 09:53:56,840 p=18629 u=root |  PLAY [docker_registry] ***********************************************************************************************************************************************************
2019-05-13 09:53:56,852 p=18629 u=root |  TASK [Gathering Facts] ***********************************************************************************************************************************************************
2019-05-13 09:53:56,853 p=18629 u=root |  Monday 13 May 2019  09:53:56 +0200 (0:00:00.061)       0:00:00.061 ************ 
2019-05-13 09:53:59,804 p=18629 u=root |  ok: [docker-registry]
2019-05-13 09:53:59,849 p=18629 u=root |  TASK [ing.docker : Create a xfs filesystem on /dev/sdb] **************************************************************************************************************************
2019-05-13 09:53:59,849 p=18629 u=root |  Monday 13 May 2019  09:53:59 +0200 (0:00:02.996)       0:00:03.058 ************ 
2019-05-13 09:54:01,700 p=18629 u=root |  ok: [docker-registry]
2019-05-13 09:54:01,739 p=18629 u=root |  TASK [ing.docker : Mount /var/lib/docker] ****************************************************************************************************************************************
2019-05-13 09:54:01,739 p=18629 u=root |  Monday 13 May 2019  09:54:01 +0200 (0:00:01.890)       0:00:04.948 ************ 
2019-05-13 09:54:03,579 p=18629 u=root |  ok: [docker-registry]
2019-05-13 09:54:03,618 p=18629 u=root |  TASK [ing.docker : Create a xfs filesystem on /dev/sdc] **************************************************************************************************************************
2019-05-13 09:54:03,618 p=18629 u=root |  Monday 13 May 2019  09:54:03 +0200 (0:00:01.879)       0:00:06.827 ************ 
2019-05-13 09:54:05,234 p=18629 u=root |  ok: [docker-registry]
2019-05-13 09:54:05,273 p=18629 u=root |  TASK [ing.docker : Mount /data] **************************************************************************************************************************************************
2019-05-13 09:54:05,273 p=18629 u=root |  Monday 13 May 2019  09:54:05 +0200 (0:00:01.654)       0:00:08.482 ************ 
2019-05-13 09:54:06,890 p=18629 u=root |  ok: [docker-registry]
2019-05-13 09:54:06,929 p=18629 u=root |  TASK [ing.docker : Add docker repository] ****************************************************************************************************************************************
2019-05-13 09:54:06,930 p=18629 u=root |  Monday 13 May 2019  09:54:06 +0200 (0:00:01.656)       0:00:10.139 ************ 
2019-05-13 09:54:08,772 p=18629 u=root |  ok: [docker-registry]
2019-05-13 09:54:08,811 p=18629 u=root |  TASK [ing.docker : install docker] ***********************************************************************************************************************************************
2019-05-13 09:54:08,811 p=18629 u=root |  Monday 13 May 2019  09:54:08 +0200 (0:00:01.881)       0:00:12.020 ************ 
2019-05-13 09:54:10,972 p=18629 u=root |  ok: [docker-registry]
2019-05-13 09:54:11,011 p=18629 u=root |  TASK [ing.docker : file] *********************************************************************************************************************************************************
2019-05-13 09:54:11,011 p=18629 u=root |  Monday 13 May 2019  09:54:11 +0200 (0:00:02.200)       0:00:14.220 ************ 
2019-05-13 09:54:12,878 p=18629 u=root |  ok: [docker-registry]
2019-05-13 09:54:12,918 p=18629 u=root |  TASK [ing.docker : copy daemon file] *********************************************************************************************************************************************
2019-05-13 09:54:12,918 p=18629 u=root |  Monday 13 May 2019  09:54:12 +0200 (0:00:01.906)       0:00:16.127 ************ 
2019-05-13 09:54:15,757 p=18629 u=root |  ok: [docker-registry]
2019-05-13 09:54:15,796 p=18629 u=root |  TASK [ing.docker : docker started] ***********************************************************************************************************************************************
2019-05-13 09:54:15,797 p=18629 u=root |  Monday 13 May 2019  09:54:15 +0200 (0:00:02.878)       0:00:19.005 ************ 
2019-05-13 09:54:17,961 p=18629 u=root |  ok: [docker-registry]
2019-05-13 09:54:18,001 p=18629 u=root |  TASK [ing.docker : install epel-release] *****************************************************************************************************************************************
2019-05-13 09:54:18,001 p=18629 u=root |  Monday 13 May 2019  09:54:17 +0200 (0:00:02.204)       0:00:21.210 ************ 
2019-05-13 09:54:19,846 p=18629 u=root |  ok: [docker-registry]
2019-05-13 09:54:19,885 p=18629 u=root |  TASK [ing.docker : install pip] **************************************************************************************************************************************************
2019-05-13 09:54:19,885 p=18629 u=root |  Monday 13 May 2019  09:54:19 +0200 (0:00:01.884)       0:00:23.094 ************ 
2019-05-13 09:54:22,408 p=18629 u=root |  ok: [docker-registry]
2019-05-13 09:54:22,447 p=18629 u=root |  TASK [ing.docker : install docker-py] ********************************************************************************************************************************************
2019-05-13 09:54:22,448 p=18629 u=root |  Monday 13 May 2019  09:54:22 +0200 (0:00:02.562)       0:00:25.657 ************ 
2019-05-13 09:54:24,700 p=18629 u=root |  ok: [docker-registry]
2019-05-13 09:54:24,739 p=18629 u=root |  TASK [ing.docker : Create a docker registry] *************************************************************************************************************************************
2019-05-13 09:54:24,739 p=18629 u=root |  Monday 13 May 2019  09:54:24 +0200 (0:00:02.291)       0:00:27.948 ************ 
2019-05-13 09:54:27,662 p=18629 u=root |  changed: [docker-registry]
2019-05-13 09:54:27,667 p=18629 u=root |  PLAY RECAP ***********************************************************************************************************************************************************************
2019-05-13 09:54:27,668 p=18629 u=root |  docker-registry            : ok=14   changed=1    unreachable=0    failed=0    skipped=0    rescued=0    ignored=0   
2019-05-13 09:54:27,668 p=18629 u=root |  Monday 13 May 2019  09:54:27 +0200 (0:00:02.928)       0:00:30.877 ************ 
2019-05-13 09:54:27,668 p=18629 u=root |  =============================================================================== 
2019-05-13 09:54:27,668 p=18629 u=root |  Gathering Facts ----------------------------------------------------------------------------------------------------------------------------------------------------------- 3.00s
2019-05-13 09:54:27,668 p=18629 u=root |  ing.docker : Create a docker registry ------------------------------------------------------------------------------------------------------------------------------------- 2.93s
2019-05-13 09:54:27,668 p=18629 u=root |  ing.docker : copy daemon file --------------------------------------------------------------------------------------------------------------------------------------------- 2.88s
2019-05-13 09:54:27,669 p=18629 u=root |  ing.docker : install pip -------------------------------------------------------------------------------------------------------------------------------------------------- 2.56s
2019-05-13 09:54:27,669 p=18629 u=root |  ing.docker : install docker-py -------------------------------------------------------------------------------------------------------------------------------------------- 2.29s
2019-05-13 09:54:27,669 p=18629 u=root |  ing.docker : docker started ----------------------------------------------------------------------------------------------------------------------------------------------- 2.20s
2019-05-13 09:54:27,669 p=18629 u=root |  ing.docker : install docker ----------------------------------------------------------------------------------------------------------------------------------------------- 2.20s
2019-05-13 09:54:27,669 p=18629 u=root |  ing.docker : file --------------------------------------------------------------------------------------------------------------------------------------------------------- 1.91s
2019-05-13 09:54:27,670 p=18629 u=root |  ing.docker : Create a xfs filesystem on /dev/sdb -------------------------------------------------------------------------------------------------------------------------- 1.89s
2019-05-13 09:54:27,670 p=18629 u=root |  ing.docker : install epel-release ----------------------------------------------------------------------------------------------------------------------------------------- 1.88s
2019-05-13 09:54:27,670 p=18629 u=root |  ing.docker : Add docker repository ---------------------------------------------------------------------------------------------------------------------------------------- 1.88s
2019-05-13 09:54:27,670 p=18629 u=root |  ing.docker : Mount /var/lib/docker ---------------------------------------------------------------------------------------------------------------------------------------- 1.88s
2019-05-13 09:54:27,670 p=18629 u=root |  ing.docker : Mount /data -------------------------------------------------------------------------------------------------------------------------------------------------- 1.66s
2019-05-13 09:54:27,670 p=18629 u=root |  ing.docker : Create a xfs filesystem on /dev/sdc -------------------------------------------------------------------------------------------------------------------------- 1.65s
2019-05-13 09:57:15,966 p=18761 u=root |  [DEPRECATION WARNING]: DEFAULT_MODULE_LANG option, Modules are coded to set their own locale if needed for screenscraping . This feature will be removed in version 2.9. 
Deprecation warnings can be disabled by setting deprecation_warnings=False in ansible.cfg.
2019-05-13 09:57:16,489 p=18761 u=root |  PLAY [docker_registry] ***********************************************************************************************************************************************************
2019-05-13 09:57:16,501 p=18761 u=root |  TASK [Gathering Facts] ***********************************************************************************************************************************************************
2019-05-13 09:57:16,501 p=18761 u=root |  Monday 13 May 2019  09:57:16 +0200 (0:00:00.061)       0:00:00.061 ************ 
2019-05-13 09:57:19,876 p=18761 u=root |  ok: [docker-registry]
2019-05-13 09:57:19,921 p=18761 u=root |  TASK [ing.docker : Create a xfs filesystem on /dev/sdb] **************************************************************************************************************************
2019-05-13 09:57:19,921 p=18761 u=root |  Monday 13 May 2019  09:57:19 +0200 (0:00:03.419)       0:00:03.481 ************ 
2019-05-13 09:57:21,908 p=18761 u=root |  ok: [docker-registry]
2019-05-13 09:57:21,947 p=18761 u=root |  TASK [ing.docker : Mount /var/lib/docker] ****************************************************************************************************************************************
2019-05-13 09:57:21,947 p=18761 u=root |  Monday 13 May 2019  09:57:21 +0200 (0:00:02.025)       0:00:05.507 ************ 
2019-05-13 09:57:23,913 p=18761 u=root |  ok: [docker-registry]
2019-05-13 09:57:23,952 p=18761 u=root |  TASK [ing.docker : Create a xfs filesystem on /dev/sdc] **************************************************************************************************************************
2019-05-13 09:57:23,952 p=18761 u=root |  Monday 13 May 2019  09:57:23 +0200 (0:00:02.005)       0:00:07.512 ************ 
2019-05-13 09:57:25,671 p=18761 u=root |  ok: [docker-registry]
2019-05-13 09:57:25,710 p=18761 u=root |  TASK [ing.docker : Mount /data] **************************************************************************************************************************************************
2019-05-13 09:57:25,710 p=18761 u=root |  Monday 13 May 2019  09:57:25 +0200 (0:00:01.757)       0:00:09.269 ************ 
2019-05-13 09:57:27,441 p=18761 u=root |  ok: [docker-registry]
2019-05-13 09:57:27,480 p=18761 u=root |  TASK [ing.docker : Add docker repository] ****************************************************************************************************************************************
2019-05-13 09:57:27,480 p=18761 u=root |  Monday 13 May 2019  09:57:27 +0200 (0:00:01.770)       0:00:11.039 ************ 
2019-05-13 09:57:29,464 p=18761 u=root |  ok: [docker-registry]
2019-05-13 09:57:29,502 p=18761 u=root |  TASK [ing.docker : install docker] ***********************************************************************************************************************************************
2019-05-13 09:57:29,502 p=18761 u=root |  Monday 13 May 2019  09:57:29 +0200 (0:00:02.022)       0:00:13.062 ************ 
2019-05-13 09:57:31,787 p=18761 u=root |  ok: [docker-registry]
2019-05-13 09:57:31,826 p=18761 u=root |  TASK [ing.docker : file] *********************************************************************************************************************************************************
2019-05-13 09:57:31,826 p=18761 u=root |  Monday 13 May 2019  09:57:31 +0200 (0:00:02.323)       0:00:15.386 ************ 
2019-05-13 09:57:33,802 p=18761 u=root |  ok: [docker-registry]
2019-05-13 09:57:33,841 p=18761 u=root |  TASK [ing.docker : copy daemon file] *********************************************************************************************************************************************
2019-05-13 09:57:33,842 p=18761 u=root |  Monday 13 May 2019  09:57:33 +0200 (0:00:02.015)       0:00:17.401 ************ 
2019-05-13 09:57:36,875 p=18761 u=root |  ok: [docker-registry]
2019-05-13 09:57:36,914 p=18761 u=root |  TASK [ing.docker : docker started] ***********************************************************************************************************************************************
2019-05-13 09:57:36,915 p=18761 u=root |  Monday 13 May 2019  09:57:36 +0200 (0:00:03.073)       0:00:20.474 ************ 
2019-05-13 09:57:39,213 p=18761 u=root |  ok: [docker-registry]
2019-05-13 09:57:39,253 p=18761 u=root |  TASK [ing.docker : install epel-release] *****************************************************************************************************************************************
2019-05-13 09:57:39,253 p=18761 u=root |  Monday 13 May 2019  09:57:39 +0200 (0:00:02.338)       0:00:22.812 ************ 
2019-05-13 09:57:41,241 p=18761 u=root |  ok: [docker-registry]
2019-05-13 09:57:41,280 p=18761 u=root |  TASK [ing.docker : install pip] **************************************************************************************************************************************************
2019-05-13 09:57:41,280 p=18761 u=root |  Monday 13 May 2019  09:57:41 +0200 (0:00:02.027)       0:00:24.840 ************ 
2019-05-13 09:57:43,859 p=18761 u=root |  ok: [docker-registry]
2019-05-13 09:57:43,897 p=18761 u=root |  TASK [ing.docker : install docker-py] ********************************************************************************************************************************************
2019-05-13 09:57:43,898 p=18761 u=root |  Monday 13 May 2019  09:57:43 +0200 (0:00:02.617)       0:00:27.457 ************ 
2019-05-13 09:57:46,258 p=18761 u=root |  ok: [docker-registry]
2019-05-13 09:57:46,297 p=18761 u=root |  TASK [ing.docker : Create a docker registry] *************************************************************************************************************************************
2019-05-13 09:57:46,297 p=18761 u=root |  Monday 13 May 2019  09:57:46 +0200 (0:00:02.399)       0:00:29.857 ************ 
2019-05-13 09:57:49,549 p=18761 u=root |   [WARNING]: The value 5000 (type int) in a string field was converted to u'5000' (type string). If this does not look like what you expect, quote the entire value to ensure it
does not change.

2019-05-13 09:57:49,550 p=18761 u=root |  changed: [docker-registry]
2019-05-13 09:57:49,555 p=18761 u=root |  PLAY RECAP ***********************************************************************************************************************************************************************
2019-05-13 09:57:49,555 p=18761 u=root |  docker-registry            : ok=14   changed=1    unreachable=0    failed=0    skipped=0    rescued=0    ignored=0   
2019-05-13 09:57:49,556 p=18761 u=root |  Monday 13 May 2019  09:57:49 +0200 (0:00:03.258)       0:00:33.115 ************ 
2019-05-13 09:57:49,556 p=18761 u=root |  =============================================================================== 
2019-05-13 09:57:49,556 p=18761 u=root |  Gathering Facts ----------------------------------------------------------------------------------------------------------------------------------------------------------- 3.42s
2019-05-13 09:57:49,556 p=18761 u=root |  ing.docker : Create a docker registry ------------------------------------------------------------------------------------------------------------------------------------- 3.26s
2019-05-13 09:57:49,556 p=18761 u=root |  ing.docker : copy daemon file --------------------------------------------------------------------------------------------------------------------------------------------- 3.07s
2019-05-13 09:57:49,556 p=18761 u=root |  ing.docker : install pip -------------------------------------------------------------------------------------------------------------------------------------------------- 2.62s
2019-05-13 09:57:49,557 p=18761 u=root |  ing.docker : install docker-py -------------------------------------------------------------------------------------------------------------------------------------------- 2.40s
2019-05-13 09:57:49,557 p=18761 u=root |  ing.docker : docker started ----------------------------------------------------------------------------------------------------------------------------------------------- 2.34s
2019-05-13 09:57:49,557 p=18761 u=root |  ing.docker : install docker ----------------------------------------------------------------------------------------------------------------------------------------------- 2.32s
2019-05-13 09:57:49,557 p=18761 u=root |  ing.docker : install epel-release ----------------------------------------------------------------------------------------------------------------------------------------- 2.03s
2019-05-13 09:57:49,557 p=18761 u=root |  ing.docker : Create a xfs filesystem on /dev/sdb -------------------------------------------------------------------------------------------------------------------------- 2.03s
2019-05-13 09:57:49,557 p=18761 u=root |  ing.docker : Add docker repository ---------------------------------------------------------------------------------------------------------------------------------------- 2.02s
2019-05-13 09:57:49,557 p=18761 u=root |  ing.docker : file --------------------------------------------------------------------------------------------------------------------------------------------------------- 2.02s
2019-05-13 09:57:49,557 p=18761 u=root |  ing.docker : Mount /var/lib/docker ---------------------------------------------------------------------------------------------------------------------------------------- 2.01s
2019-05-13 09:57:49,558 p=18761 u=root |  ing.docker : Mount /data -------------------------------------------------------------------------------------------------------------------------------------------------- 1.77s
2019-05-13 09:57:49,558 p=18761 u=root |  ing.docker : Create a xfs filesystem on /dev/sdc -------------------------------------------------------------------------------------------------------------------------- 1.76s
2019-05-13 09:58:35,290 p=18889 u=root |  [DEPRECATION WARNING]: DEFAULT_MODULE_LANG option, Modules are coded to set their own locale if needed for screenscraping . This feature will be removed in version 2.9. 
Deprecation warnings can be disabled by setting deprecation_warnings=False in ansible.cfg.
2019-05-13 09:58:35,806 p=18889 u=root |  PLAY [docker_registry] ***********************************************************************************************************************************************************
2019-05-13 09:58:35,818 p=18889 u=root |  TASK [Gathering Facts] ***********************************************************************************************************************************************************
2019-05-13 09:58:35,819 p=18889 u=root |  Monday 13 May 2019  09:58:35 +0200 (0:00:00.060)       0:00:00.060 ************ 
2019-05-13 09:58:40,107 p=18889 u=root |  ok: [docker-registry]
2019-05-13 09:58:40,151 p=18889 u=root |  TASK [ing.docker : Create a xfs filesystem on /dev/sdb] **************************************************************************************************************************
2019-05-13 09:58:40,152 p=18889 u=root |  Monday 13 May 2019  09:58:40 +0200 (0:00:04.332)       0:00:04.393 ************ 
2019-05-13 09:58:42,032 p=18889 u=root |  ok: [docker-registry]
2019-05-13 09:58:42,071 p=18889 u=root |  TASK [ing.docker : Mount /var/lib/docker] ****************************************************************************************************************************************
2019-05-13 09:58:42,071 p=18889 u=root |  Monday 13 May 2019  09:58:42 +0200 (0:00:01.919)       0:00:06.313 ************ 
2019-05-13 09:58:43,934 p=18889 u=root |  ok: [docker-registry]
2019-05-13 09:58:43,973 p=18889 u=root |  TASK [ing.docker : Create a xfs filesystem on /dev/sdc] **************************************************************************************************************************
2019-05-13 09:58:43,973 p=18889 u=root |  Monday 13 May 2019  09:58:43 +0200 (0:00:01.901)       0:00:08.214 ************ 
2019-05-13 09:58:45,590 p=18889 u=root |  ok: [docker-registry]
2019-05-13 09:58:45,629 p=18889 u=root |  TASK [ing.docker : Mount /data] **************************************************************************************************************************************************
2019-05-13 09:58:45,629 p=18889 u=root |  Monday 13 May 2019  09:58:45 +0200 (0:00:01.656)       0:00:09.870 ************ 
2019-05-13 09:58:47,278 p=18889 u=root |  ok: [docker-registry]
2019-05-13 09:58:47,317 p=18889 u=root |  TASK [ing.docker : Add docker repository] ****************************************************************************************************************************************
2019-05-13 09:58:47,317 p=18889 u=root |  Monday 13 May 2019  09:58:47 +0200 (0:00:01.688)       0:00:11.559 ************ 
2019-05-13 09:58:49,218 p=18889 u=root |  ok: [docker-registry]
2019-05-13 09:58:49,256 p=18889 u=root |  TASK [ing.docker : install docker] ***********************************************************************************************************************************************
2019-05-13 09:58:49,256 p=18889 u=root |  Monday 13 May 2019  09:58:49 +0200 (0:00:01.938)       0:00:13.498 ************ 
2019-05-13 09:58:51,441 p=18889 u=root |  ok: [docker-registry]
2019-05-13 09:58:51,480 p=18889 u=root |  TASK [ing.docker : file] *********************************************************************************************************************************************************
2019-05-13 09:58:51,480 p=18889 u=root |  Monday 13 May 2019  09:58:51 +0200 (0:00:02.223)       0:00:15.722 ************ 
2019-05-13 09:58:53,397 p=18889 u=root |  ok: [docker-registry]
2019-05-13 09:58:53,436 p=18889 u=root |  TASK [ing.docker : copy daemon file] *********************************************************************************************************************************************
2019-05-13 09:58:53,437 p=18889 u=root |  Monday 13 May 2019  09:58:53 +0200 (0:00:01.956)       0:00:17.678 ************ 
2019-05-13 09:58:56,367 p=18889 u=root |  ok: [docker-registry]
2019-05-13 09:58:56,406 p=18889 u=root |  TASK [ing.docker : docker started] ***********************************************************************************************************************************************
2019-05-13 09:58:56,406 p=18889 u=root |  Monday 13 May 2019  09:58:56 +0200 (0:00:02.969)       0:00:20.647 ************ 
2019-05-13 09:58:58,572 p=18889 u=root |  ok: [docker-registry]
2019-05-13 09:58:58,611 p=18889 u=root |  TASK [ing.docker : install epel-release] *****************************************************************************************************************************************
2019-05-13 09:58:58,612 p=18889 u=root |  Monday 13 May 2019  09:58:58 +0200 (0:00:02.205)       0:00:22.853 ************ 
2019-05-13 09:59:00,495 p=18889 u=root |  ok: [docker-registry]
2019-05-13 09:59:00,534 p=18889 u=root |  TASK [ing.docker : install pip] **************************************************************************************************************************************************
2019-05-13 09:59:00,534 p=18889 u=root |  Monday 13 May 2019  09:59:00 +0200 (0:00:01.922)       0:00:24.775 ************ 
2019-05-13 09:59:03,033 p=18889 u=root |  ok: [docker-registry]
2019-05-13 09:59:03,072 p=18889 u=root |  TASK [ing.docker : install docker-py] ********************************************************************************************************************************************
2019-05-13 09:59:03,072 p=18889 u=root |  Monday 13 May 2019  09:59:03 +0200 (0:00:02.538)       0:00:27.313 ************ 
2019-05-13 09:59:05,320 p=18889 u=root |  ok: [docker-registry]
2019-05-13 09:59:05,359 p=18889 u=root |  TASK [ing.docker : Create a docker registry] *************************************************************************************************************************************
2019-05-13 09:59:05,360 p=18889 u=root |  Monday 13 May 2019  09:59:05 +0200 (0:00:02.287)       0:00:29.601 ************ 
2019-05-13 09:59:08,388 p=18889 u=root |  changed: [docker-registry]
2019-05-13 09:59:08,394 p=18889 u=root |  PLAY RECAP ***********************************************************************************************************************************************************************
2019-05-13 09:59:08,394 p=18889 u=root |  docker-registry            : ok=14   changed=1    unreachable=0    failed=0    skipped=0    rescued=0    ignored=0   
2019-05-13 09:59:08,394 p=18889 u=root |  Monday 13 May 2019  09:59:08 +0200 (0:00:03.034)       0:00:32.635 ************ 
2019-05-13 09:59:08,394 p=18889 u=root |  =============================================================================== 
2019-05-13 09:59:08,394 p=18889 u=root |  Gathering Facts ----------------------------------------------------------------------------------------------------------------------------------------------------------- 4.33s
2019-05-13 09:59:08,395 p=18889 u=root |  ing.docker : Create a docker registry ------------------------------------------------------------------------------------------------------------------------------------- 3.03s
2019-05-13 09:59:08,395 p=18889 u=root |  ing.docker : copy daemon file --------------------------------------------------------------------------------------------------------------------------------------------- 2.97s
2019-05-13 09:59:08,395 p=18889 u=root |  ing.docker : install pip -------------------------------------------------------------------------------------------------------------------------------------------------- 2.54s
2019-05-13 09:59:08,395 p=18889 u=root |  ing.docker : install docker-py -------------------------------------------------------------------------------------------------------------------------------------------- 2.29s
2019-05-13 09:59:08,395 p=18889 u=root |  ing.docker : install docker ----------------------------------------------------------------------------------------------------------------------------------------------- 2.22s
2019-05-13 09:59:08,395 p=18889 u=root |  ing.docker : docker started ----------------------------------------------------------------------------------------------------------------------------------------------- 2.21s
2019-05-13 09:59:08,395 p=18889 u=root |  ing.docker : file --------------------------------------------------------------------------------------------------------------------------------------------------------- 1.96s
2019-05-13 09:59:08,395 p=18889 u=root |  ing.docker : Add docker repository ---------------------------------------------------------------------------------------------------------------------------------------- 1.94s
2019-05-13 09:59:08,396 p=18889 u=root |  ing.docker : install epel-release ----------------------------------------------------------------------------------------------------------------------------------------- 1.92s
2019-05-13 09:59:08,396 p=18889 u=root |  ing.docker : Create a xfs filesystem on /dev/sdb -------------------------------------------------------------------------------------------------------------------------- 1.92s
2019-05-13 09:59:08,396 p=18889 u=root |  ing.docker : Mount /var/lib/docker ---------------------------------------------------------------------------------------------------------------------------------------- 1.90s
2019-05-13 09:59:08,396 p=18889 u=root |  ing.docker : Mount /data -------------------------------------------------------------------------------------------------------------------------------------------------- 1.69s
2019-05-13 09:59:08,396 p=18889 u=root |  ing.docker : Create a xfs filesystem on /dev/sdc -------------------------------------------------------------------------------------------------------------------------- 1.66s
